{"contracts/BasicNFT.sol":{"l":{"12":6,"16":2,"17":2,"18":2,"24":1,"28":2},"path":"/home/lamo/hardhat/hh-nft-smartcontract/contracts/BasicNFT.sol","s":{"1":2,"2":2,"3":1,"4":2},"b":{},"f":{"1":6,"2":2,"3":1,"4":2},"fnMap":{"1":{"name":"constructor","line":11,"loc":{"start":{"line":11,"column":4},"end":{"line":13,"column":4}}},"2":{"name":"mintNft","line":15,"loc":{"start":{"line":15,"column":4},"end":{"line":19,"column":4}}},"3":{"name":"tokenURI","line":21,"loc":{"start":{"line":21,"column":4},"end":{"line":25,"column":4}}},"4":{"name":"getTokenCounter","line":27,"loc":{"start":{"line":27,"column":4},"end":{"line":29,"column":4}}}},"statementMap":{"1":{"start":{"line":16,"column":8},"end":{"line":16,"column":44}},"2":{"start":{"line":18,"column":8},"end":{"line":18,"column":29}},"3":{"start":{"line":24,"column":8},"end":{"line":24,"column":24}},"4":{"start":{"line":28,"column":8},"end":{"line":28,"column":29}}},"branchMap":{}},"contracts/RandomIpfsNft.sol":{"l":{"52":3,"53":3,"54":3,"55":3,"57":3,"58":3,"62":0,"63":0,"65":0,"72":0,"73":0,"80":0,"81":0,"83":0,"89":0,"90":0,"91":0,"92":0,"93":0,"97":0,"98":0,"99":0,"100":0,"105":3,"106":0,"108":3,"109":3,"113":0,"114":0,"115":0,"116":0,"120":0,"122":0,"124":0,"128":0,"132":0,"138":1,"142":0,"146":1},"path":"/home/lamo/hardhat/hh-nft-smartcontract/contracts/RandomIpfsNft.sol","s":{"1":3,"2":0,"3":0,"4":0,"5":0,"6":0,"7":0,"8":0,"9":0,"10":0,"11":0,"12":0,"13":0,"14":3,"15":0,"16":0,"17":0,"18":0,"19":0,"20":0,"21":0,"22":1,"23":0,"24":1},"b":{"1":[0,0],"2":[0,0],"3":[0,0],"4":[0,3],"5":[0,0]},"f":{"1":3,"2":0,"3":0,"4":0,"5":3,"6":0,"7":0,"8":0,"9":1,"10":0,"11":1},"fnMap":{"1":{"name":"constructor","line":51,"loc":{"start":{"line":44,"column":4},"end":{"line":59,"column":4}}},"2":{"name":"requestNft","line":61,"loc":{"start":{"line":61,"column":4},"end":{"line":74,"column":4}}},"3":{"name":"fulfillRandomWords","line":76,"loc":{"start":{"line":76,"column":4},"end":{"line":94,"column":4}}},"4":{"name":"withdraw","line":96,"loc":{"start":{"line":96,"column":4},"end":{"line":102,"column":4}}},"5":{"name":"_initializeContract","line":104,"loc":{"start":{"line":104,"column":4},"end":{"line":110,"column":4}}},"6":{"name":"getBreedModdedRng","line":112,"loc":{"start":{"line":112,"column":4},"end":{"line":125,"column":4}}},"7":{"name":"getChanceArray","line":127,"loc":{"start":{"line":127,"column":4},"end":{"line":129,"column":4}}},"8":{"name":"getMintFee","line":131,"loc":{"start":{"line":131,"column":4},"end":{"line":133,"column":4}}},"9":{"name":"getDogTokenUris","line":135,"loc":{"start":{"line":135,"column":4},"end":{"line":139,"column":4}}},"10":{"name":"getTokenCounter","line":141,"loc":{"start":{"line":141,"column":4},"end":{"line":143,"column":4}}},"11":{"name":"getInitialized","line":145,"loc":{"start":{"line":145,"column":4},"end":{"line":147,"column":4}}}},"statementMap":{"1":{"start":{"line":57,"column":8},"end":{"line":57,"column":40}},"2":{"start":{"line":62,"column":8},"end":{"line":62,"column":2138}},"3":{"start":{"line":73,"column":8},"end":{"line":73,"column":48}},"4":{"start":{"line":80,"column":8},"end":{"line":80,"column":57}},"5":{"start":{"line":81,"column":8},"end":{"line":81,"column":43}},"6":{"start":{"line":83,"column":8},"end":{"line":83,"column":61}},"7":{"start":{"line":89,"column":8},"end":{"line":89,"column":53}},"8":{"start":{"line":91,"column":8},"end":{"line":91,"column":38}},"9":{"start":{"line":92,"column":8},"end":{"line":92,"column":66}},"10":{"start":{"line":93,"column":8},"end":{"line":93,"column":42}},"11":{"start":{"line":97,"column":8},"end":{"line":97,"column":46}},"12":{"start":{"line":98,"column":8},"end":{"line":98,"column":70}},"13":{"start":{"line":99,"column":8},"end":{"line":99,"column":3391}},"14":{"start":{"line":105,"column":8},"end":{"line":105,"column":3558}},"15":{"start":{"line":113,"column":8},"end":{"line":113,"column":33}},"16":{"start":{"line":114,"column":8},"end":{"line":114,"column":56}},"17":{"start":{"line":115,"column":8},"end":{"line":115,"column":3902}},"18":{"start":{"line":116,"column":12},"end":{"line":116,"column":3969}},"19":{"start":{"line":120,"column":16},"end":{"line":120,"column":31}},"20":{"start":{"line":128,"column":8},"end":{"line":128,"column":41}},"21":{"start":{"line":132,"column":8},"end":{"line":132,"column":24}},"22":{"start":{"line":138,"column":8},"end":{"line":138,"column":38}},"23":{"start":{"line":142,"column":8},"end":{"line":142,"column":29}},"24":{"start":{"line":146,"column":8},"end":{"line":146,"column":28}}},"branchMap":{"1":{"line":62,"type":"if","locations":[{"start":{"line":62,"column":8},"end":{"line":62,"column":8}},{"start":{"line":62,"column":8},"end":{"line":62,"column":8}}]},"2":{"line":96,"type":"if","locations":[{"start":{"line":96,"column":31},"end":{"line":96,"column":31}},{"start":{"line":96,"column":31},"end":{"line":96,"column":31}}]},"3":{"line":99,"type":"if","locations":[{"start":{"line":99,"column":8},"end":{"line":99,"column":8}},{"start":{"line":99,"column":8},"end":{"line":99,"column":8}}]},"4":{"line":105,"type":"if","locations":[{"start":{"line":105,"column":8},"end":{"line":105,"column":8}},{"start":{"line":105,"column":8},"end":{"line":105,"column":8}}]},"5":{"line":116,"type":"if","locations":[{"start":{"line":116,"column":12},"end":{"line":116,"column":12}},{"start":{"line":116,"column":12},"end":{"line":116,"column":12}}]}}},"contracts/test/VRFCoordinatorV2Mock.sol":{"l":{},"path":"/home/lamo/hardhat/hh-nft-smartcontract/contracts/test/VRFCoordinatorV2Mock.sol","s":{},"b":{},"f":{},"fnMap":{},"statementMap":{},"branchMap":{}}}